#
# A fatal error has been detected by the Java Runtime Environment:
#
#  EXCEPTION_ACCESS_VIOLATION (0xc0000005) at pc=0x00000000020b4239, pid=1232, tid=0x000000000000073c
#
# JRE version: OpenJDK Runtime Environment (8.0_152-b01) (build 1.8.0_152-release-915-b01)
# Java VM: OpenJDK 64-Bit Server VM (25.152-b01 mixed mode windows-amd64 compressed oops)
# Problematic frame:
# j  com.android.apksig.internal.apk.v1.V1SchemeSigner.generateSignatureBlock(Lcom/android/apksig/internal/apk/v1/V1SchemeSigner$SignerConfig;[B)[B+49
#
# Failed to write core dump. Minidumps are not enabled by default on client versions of Windows
#
# If you would like to submit a bug report, please visit:
#   http://bugreport.java.com/bugreport/crash.jsp
#

---------------  T H R E A D  ---------------

Current thread (0x000000001d8fc000):  JavaThread "Task worker for ':' Thread 2" [_thread_in_Java, id=1852, stack(0x0000000025360000,0x0000000025460000)]

siginfo: ExceptionCode=0xc0000005, reading address 0xffffffffffffffff

Registers:
RAX=0x0000000000000000, RBX=0x00000000204d42f0, RCX=0x0000000025de22e8, RDX=0x0000000002097e20
RSP=0x000000002545c5e8, RBP=0x000000002545c638, RSI=0x0000000000200031, RDI=0x0000000000000004
R8 =0x0000000000000004, R9 =0x00000000a35dc1f0, R10=0x000000006c8fa660, R11=0x000000000219f180
R12=0x0000000000000000, R13=0x000000002545c5f0, R14=0x000000002545c6c0, R15=0x000000001d8fc000
RIP=0x00000000020b4239, EFLAGS=0x0000000000010246

Top of Stack: (sp=0x000000002545c5e8)
0x000000002545c5e8:   0000000002097e20 00000000e3997fc0
0x000000002545c5f8:   000000002545c5f8 0000000025de14c9
0x000000002545c608:   000000002545c6c0 0000000025de22e8
0x000000002545c618:   0000000000000000 0000000025de1848
0x000000002545c628:   000000002545c5f0 000000002545c6b8
0x000000002545c638:   000000002545c708 0000000002097e20
0x000000002545c648:   0000000000000000 0000000000000000
0x000000002545c658:   0000000000000000 0000000000000000
0x000000002545c668:   0000000000000000 0000000000000000
0x000000002545c678:   0000000000000000 0000000000000000
0x000000002545c688:   00000000e3997fc0 00000000e3998020
0x000000002545c698:   00000000a35dc130 00000000e395a080
0x000000002545c6a8:   00000000e3956a10 00000000e3961e30
0x000000002545c6b8:   00000000e3997d28 00000000e39621b8
0x000000002545c6c8:   000000002545c6c8 0000000025de0701
0x000000002545c6d8:   000000002545c778 0000000025de22e8 

Instructions: (pc=0x00000000020b4239)
0x00000000020b4219:   48 83 c0 10 4c 8b 68 d8 41 83 ed 04 41 c1 e5 03
0x00000000020b4229:   49 03 c5 48 89 45 e0 4c 8d 6c 24 08 4c 89 6d f0
0x00000000020b4239:   ff 63 50 0f 1f 40 00 a0 09 00 00 00 00 00 00 70
0x00000000020b4249:   c3 70 6c 00 00 00 00 b9 00 00 00 00 00 00 00 00 


Register to memory mapping:

RAX=0x0000000000000000 is an unknown value
RBX=0x00000000204d42f0 is pointing into metadata
RCX=0x0000000025de22e8 is pointing into metadata
RDX=0x0000000002097e20 is at code_begin+1664 in an Interpreter codelet
invoke return entry points  [0x00000000020977a0, 0x0000000002098180]  2528 bytes
RSP=0x000000002545c5e8 is pointing into the stack for thread: 0x000000001d8fc000
RBP=0x000000002545c638 is pointing into the stack for thread: 0x000000001d8fc000
RSI=0x0000000000200031 is an unknown value
RDI=0x0000000000000004 is an unknown value
R8 =0x0000000000000004 is an unknown value
R9 =0x00000000a35dc1f0 is an oop
java.lang.Class 
 - klass: 'java/lang/Class'
R10=0x000000006c8fa660 is an unknown value
R11=0x000000000219f180 is at entry_point+32 in (nmethod*)0x000000000219f010
R12=0x0000000000000000 is an unknown value
R13=0x000000002545c5f0 is pointing into the stack for thread: 0x000000001d8fc000
R14=0x000000002545c6c0 is pointing into the stack for thread: 0x000000001d8fc000
R15=0x000000001d8fc000 is a thread


Stack: [0x0000000025360000,0x0000000025460000],  sp=0x000000002545c5e8,  free space=1009k
Native frames: (J=compiled Java code, j=interpreted, Vv=VM code, C=native code)
C  0x00000000020b4239


---------------  P R O C E S S  ---------------

Java Threads: ( => current thread )
  0x0000000018b3b000 JavaThread "pool-26-thread-1" [_thread_blocked, id=4316, stack(0x0000000027ae0000,0x0000000027be0000)]
  0x0000000018b3a000 JavaThread "pool-25-thread-1" [_thread_blocked, id=4144, stack(0x00000000279e0000,0x0000000027ae0000)]
  0x0000000018b3c800 JavaThread "stdout" daemon [_thread_in_native, id=4132, stack(0x00000000278e0000,0x00000000279e0000)]
  0x0000000018c4e000 JavaThread "stderr" daemon [_thread_in_native, id=1816, stack(0x00000000277e0000,0x00000000278e0000)]
  0x0000000018c4b800 JavaThread "stdout" daemon [_thread_in_native, id=5256, stack(0x00000000275e0000,0x00000000276e0000)]
  0x0000000018c4b000 JavaThread "stderr" daemon [_thread_in_native, id=1072, stack(0x00000000274e0000,0x00000000275e0000)]
  0x0000000018c4d000 JavaThread "stdout" daemon [_thread_in_native, id=2992, stack(0x00000000273e0000,0x00000000274e0000)]
  0x000000001916e800 JavaThread "stderr" daemon [_thread_in_native, id=5440, stack(0x00000000272e0000,0x00000000273e0000)]
  0x0000000019170000 JavaThread "stdout" daemon [_thread_in_native, id=6064, stack(0x00000000271e0000,0x00000000272e0000)]
  0x000000001916b000 JavaThread "stderr" daemon [_thread_in_native, id=4796, stack(0x0000000026d70000,0x0000000026e70000)]
  0x000000001916a000 JavaThread "queued-resource-processor_84" daemon [_thread_blocked, id=4312, stack(0x0000000026790000,0x0000000026890000)]
  0x000000001916d000 JavaThread "queued-resource-processor_83" daemon [_thread_blocked, id=5872, stack(0x0000000026690000,0x0000000026790000)]
  0x000000001916c800 JavaThread "queued-resource-processor_82" daemon [_thread_blocked, id=5980, stack(0x0000000026390000,0x0000000026490000)]
  0x0000000019169800 JavaThread "queued-resource-processor_81" daemon [_thread_blocked, id=5636, stack(0x0000000026290000,0x0000000026390000)]
  0x0000000019165800 JavaThread "ForkJoinPool.commonPool-worker-13" daemon [_thread_blocked, id=5788, stack(0x0000000026c70000,0x0000000026d70000)]
  0x0000000019168000 JavaThread "ForkJoinPool.commonPool-worker-11" daemon [_thread_blocked, id=2848, stack(0x0000000026b70000,0x0000000026c70000)]
  0x0000000018c4e800 JavaThread "ForkJoinPool.commonPool-worker-6" daemon [_thread_blocked, id=2744, stack(0x0000000026590000,0x0000000026690000)]
  0x0000000018c4f800 JavaThread "ForkJoinPool.commonPool-worker-4" daemon [_thread_blocked, id=5576, stack(0x0000000026490000,0x0000000026590000)]
  0x0000000018c49800 JavaThread "ForkJoinPool.commonPool-worker-2" daemon [_thread_blocked, id=1760, stack(0x0000000025f60000,0x0000000026060000)]
  0x0000000018c4a000 JavaThread "ForkJoinPool.commonPool-worker-1" daemon [_thread_blocked, id=5276, stack(0x0000000025e60000,0x0000000025f60000)]
  0x0000000018c4c800 JavaThread "Cache worker for Java compile cache (F:\SampleProjects\ImageEditorAndroid\.gradle\4.1\javaCompile)" [_thread_blocked, id=2644, stack(0x0000000025b60000,0x0000000025c60000)]
  0x0000000019167000 JavaThread "Task worker for ':' Thread 3" [_thread_blocked, id=4172, stack(0x0000000025a60000,0x0000000025b60000)]
=>0x000000001d8fc000 JavaThread "Task worker for ':' Thread 2" [_thread_in_Java, id=1852, stack(0x0000000025360000,0x0000000025460000)]
  0x000000001d8f8800 JavaThread "Task worker for ':'" [_thread_blocked, id=2608, stack(0x0000000025260000,0x0000000025360000)]
  0x000000001d8f7000 JavaThread "Cache worker for task history cache (F:\SampleProjects\ImageEditorAndroid\.gradle\4.1\taskHistory)" [_thread_blocked, id=4620, stack(0x0000000025160000,0x0000000025260000)]
  0x000000001d8f6000 JavaThread "Cache worker for file content cache (F:\SampleProjects\ImageEditorAndroid\.gradle\4.1\fileContent)" [_thread_blocked, id=5500, stack(0x0000000024e60000,0x0000000024f60000)]
  0x000000001d8f5800 JavaThread "build operations Thread 4" [_thread_blocked, id=4524, stack(0x00000000229b0000,0x0000000022ab0000)]
  0x000000001d8f7800 JavaThread "build operations Thread 3" [_thread_blocked, id=4964, stack(0x0000000021060000,0x0000000021160000)]
  0x000000001d8f4800 JavaThread "build operations Thread 2" [_thread_blocked, id=6132, stack(0x000000001fd00000,0x000000001fe00000)]
  0x000000001d8f0000 JavaThread "build operations" [_thread_blocked, id=4424, stack(0x000000001dd00000,0x000000001de00000)]
  0x000000001d8f1000 JavaThread "Cache worker for Artifact transforms cache (C:\Users\Burhanuddin Rashid\.gradle\caches\transforms-1)" [_thread_blocked, id=4352, stack(0x000000001cb50000,0x000000001cc50000)]
  0x000000001d8f3000 JavaThread "Cache worker for file hash cache (F:\SampleProjects\ImageEditorAndroid\.gradle\4.1\fileHashes)" [_thread_blocked, id=6044, stack(0x000000001b880000,0x000000001b980000)]
  0x000000001d8ef800 JavaThread "Stdin handler" [_thread_blocked, id=6008, stack(0x000000001a3b0000,0x000000001a4b0000)]
  0x000000001d8f1800 JavaThread "Asynchronous log dispatcher for DefaultDaemonConnection: socket connection from /127.0.0.1:49496 to /127.0.0.1:50680" [_thread_blocked, id=4808, stack(0x000000001a2b0000,0x000000001a3b0000)]
  0x000000001d8f2800 JavaThread "Daemon worker Thread 7" [_thread_blocked, id=4632, stack(0x000000001a1b0000,0x000000001a2b0000)]
  0x000000001d8ed000 JavaThread "Cancel handler" [_thread_blocked, id=4916, stack(0x000000001a0b0000,0x000000001a1b0000)]
  0x000000001d8ee800 JavaThread "Handler for socket connection from /127.0.0.1:49496 to /127.0.0.1:50680" [_thread_in_native, id=5924, stack(0x0000000019db0000,0x0000000019eb0000)]
  0x000000001d8ee000 JavaThread "Daemon Thread 7" [_thread_blocked, id=3024, stack(0x0000000019cb0000,0x0000000019db0000)]
  0x000000001916b800 JavaThread "Memory manager" [_thread_blocked, id=2484, stack(0x0000000020500000,0x0000000020600000)]
  0x0000000019162800 JavaThread "File lock request listener" [_thread_in_native, id=2940, stack(0x000000001a5b0000,0x000000001a6b0000)]
  0x0000000018b3b800 JavaThread "Cache worker for file hash cache (C:\Users\Burhanuddin Rashid\.gradle\caches\4.1\fileHashes)" [_thread_blocked, id=2236, stack(0x000000001a4b0000,0x000000001a5b0000)]
  0x0000000018912800 JavaThread "Daemon periodic checks" [_thread_blocked, id=1332, stack(0x0000000019bb0000,0x0000000019cb0000)]
  0x000000001885e000 JavaThread "Incoming local TCP Connector on port 49496" [_thread_in_native, id=3396, stack(0x00000000196b0000,0x00000000197b0000)]
  0x000000001740c800 JavaThread "Service Thread" daemon [_thread_blocked, id=3576, stack(0x0000000017800000,0x0000000017900000)]
  0x0000000015a59000 JavaThread "C1 CompilerThread2" daemon [_thread_blocked, id=1872, stack(0x0000000017300000,0x0000000017400000)]
  0x0000000015a03800 JavaThread "C2 CompilerThread1" daemon [_thread_blocked, id=1472, stack(0x0000000017200000,0x0000000017300000)]
  0x00000000159f9000 JavaThread "C2 CompilerThread0" daemon [_thread_in_native, id=3140, stack(0x0000000017100000,0x0000000017200000)]
  0x0000000015a07800 JavaThread "Attach Listener" daemon [_thread_blocked, id=3316, stack(0x0000000017000000,0x0000000017100000)]
  0x0000000015a06000 JavaThread "Signal Dispatcher" daemon [_thread_blocked, id=1904, stack(0x0000000016f00000,0x0000000017000000)]
  0x000000000208d800 JavaThread "Finalizer" daemon [_thread_blocked, id=3696, stack(0x0000000016c80000,0x0000000016d80000)]
  0x0000000002082800 JavaThread "Reference Handler" daemon [_thread_blocked, id=3080, stack(0x0000000016b80000,0x0000000016c80000)]
  0x0000000001f8d800 JavaThread "main" [_thread_blocked, id=3568, stack(0x0000000001e70000,0x0000000001f70000)]

Other Threads:
  0x00000000159c5800 VMThread [stack: 0x0000000016a80000,0x0000000016b80000] [id=1856]
  0x0000000017403800 WatcherThread [stack: 0x0000000017900000,0x0000000017a00000] [id=3756]

VM state:not at safepoint (normal execution)

VM Mutex/Monitor currently owned by a thread: None

Heap:
 PSYoungGen      total 404480K, used 116218K [0x00000000e0000000, 0x00000000fcd80000, 0x0000000100000000)
  eden space 343552K, 25% used [0x00000000e0000000,0x00000000e542efe0,0x00000000f4f80000)
  from space 60928K, 49% used [0x00000000f9200000,0x00000000faf4fba0,0x00000000fcd80000)
  to   space 64512K, 0% used [0x00000000f4f80000,0x00000000f4f80000,0x00000000f8e80000)
 ParOldGen       total 184320K, used 62792K [0x00000000a0000000, 0x00000000ab400000, 0x00000000e0000000)
  object space 184320K, 34% used [0x00000000a0000000,0x00000000a3d523d0,0x00000000ab400000)
 Metaspace       used 88765K, capacity 95609K, committed 99048K, reserved 1134592K
  class space    used 10978K, capacity 12427K, committed 13312K, reserved 1048576K

Card table byte_map: [0x0000000011450000,0x0000000011760000] byte_map_base: 0x0000000010f50000

Marking Bits: (ParMarkBitMap*) 0x000000006c913950
 Begin Bits: [0x0000000011d60000, 0x0000000013560000)
 End Bits:   [0x0000000013560000, 0x0000000014d60000)

Polling page: 0x0000000001de0000

CodeCache: size=245760Kb used=71733Kb max_used=71743Kb free=174026Kb
 bounds [0x0000000002090000, 0x0000000006710000, 0x0000000011090000]
 total_blobs=20758 nmethods=19890 adapters=780
 compilation: enabled

Compilation events (10 events):
Event: 15826.319 Thread 0x0000000015a59000 nmethod 26559 0x00000000066d44d0 code [0x00000000066d4640, 0x00000000066d4928]
Event: 15826.319 Thread 0x0000000015a59000 26558       3       sun.security.provider.DigestBase::engineReset (25 bytes)
Event: 15826.319 Thread 0x0000000015a59000 nmethod 26558 0x00000000066d4050 code [0x00000000066d41c0, 0x00000000066d4448]
Event: 15826.319 Thread 0x0000000015a59000 26556       3       sun.security.x509.X500Name::<init> (10 bytes)
Event: 15826.319 Thread 0x0000000015a59000 nmethod 26556 0x0000000005512610 code [0x0000000005512780, 0x0000000005512968]
Event: 15826.373 Thread 0x0000000015a03800 26560       4       java.util.zip.Deflater::ensureOpen (47 bytes)
Event: 15826.373 Thread 0x0000000015a03800 nmethod 26560 0x000000000306c290 code [0x000000000306c3c0, 0x000000000306c458]
Event: 15826.375 Thread 0x0000000015a03800 26561       4       java.util.zip.DeflaterOutputStream::deflate (36 bytes)
Event: 15826.387 Thread 0x0000000015a03800 nmethod 26561 0x0000000006706610 code [0x00000000067067c0, 0x0000000006707838]
Event: 15826.423 Thread 0x0000000015a59000 26562       3       sun.security.provider.SHA2$SHA256::<init> (12 bytes)

GC Heap History (10 events):
Event: 15814.607 GC heap before
{Heap before GC invocations=42 (full 4):
 PSYoungGen      total 314880K, used 16866K [0x00000000e0000000, 0x00000000f7c00000, 0x0000000100000000)
  eden space 245760K, 0% used [0x00000000e0000000,0x00000000e0000000,0x00000000ef000000)
  from space 69120K, 24% used [0x00000000f3880000,0x00000000f48f8970,0x00000000f7c00000)
  to   space 71680K, 0% used [0x00000000ef000000,0x00000000ef000000,0x00000000f3600000)
 ParOldGen       total 157696K, used 139766K [0x00000000a0000000, 0x00000000a9a00000, 0x00000000e0000000)
  object space 157696K, 88% used [0x00000000a0000000,0x00000000a887db90,0x00000000a9a00000)
 Metaspace       used 89739K, capacity 98205K, committed 98280K, reserved 1134592K
  class space    used 11376K, capacity 13237K, committed 13312K, reserved 1048576K
Event: 15814.905 GC heap after
Heap after GC invocations=42 (full 4):
 PSYoungGen      total 314880K, used 0K [0x00000000e0000000, 0x00000000f7c00000, 0x0000000100000000)
  eden space 245760K, 0% used [0x00000000e0000000,0x00000000e0000000,0x00000000ef000000)
  from space 69120K, 0% used [0x00000000f3880000,0x00000000f3880000,0x00000000f7c00000)
  to   space 71680K, 0% used [0x00000000ef000000,0x00000000ef000000,0x00000000f3600000)
 ParOldGen       total 184320K, used 62760K [0x00000000a0000000, 0x00000000ab400000, 0x00000000e0000000)
  object space 184320K, 34% used [0x00000000a0000000,0x00000000a3d4a3d0,0x00000000ab400000)
 Metaspace       used 86695K, capacity 92993K, committed 98280K, reserved 1134592K
  class space    used 10772K, capacity 12180K, committed 13312K, reserved 1048576K
}
Event: 15818.187 GC heap before
{Heap before GC invocations=43 (full 4):
 PSYoungGen      total 314880K, used 245760K [0x00000000e0000000, 0x00000000f7c00000, 0x0000000100000000)
  eden space 245760K, 100% used [0x00000000e0000000,0x00000000ef000000,0x00000000ef000000)
  from space 69120K, 0% used [0x00000000f3880000,0x00000000f3880000,0x00000000f7c00000)
  to   space 71680K, 0% used [0x00000000ef000000,0x00000000ef000000,0x00000000f3600000)
 ParOldGen       total 184320K, used 62760K [0x00000000a0000000, 0x00000000ab400000, 0x00000000e0000000)
  object space 184320K, 34% used [0x00000000a0000000,0x00000000a3d4a3d0,0x00000000ab400000)
 Metaspace       used 87505K, capacity 94209K, committed 98280K, reserved 1134592K
  class space    used 10888K, capacity 12329K, committed 13312K, reserved 1048576K
Event: 15818.235 GC heap after
Heap after GC invocations=43 (full 4):
 PSYoungGen      total 317440K, used 23001K [0x00000000e0000000, 0x00000000faa00000, 0x0000000100000000)
  eden space 245760K, 0% used [0x00000000e0000000,0x00000000e0000000,0x00000000ef000000)
  from space 71680K, 32% used [0x00000000ef000000,0x00000000f0676690,0x00000000f3600000)
  to   space 69632K, 0% used [0x00000000f6600000,0x00000000f6600000,0x00000000faa00000)
 ParOldGen       total 184320K, used 62768K [0x00000000a0000000, 0x00000000ab400000, 0x00000000e0000000)
  object space 184320K, 34% used [0x00000000a0000000,0x00000000a3d4c3d0,0x00000000ab400000)
 Metaspace       used 87505K, capacity 94209K, committed 98280K, reserved 1134592K
  class space    used 10888K, capacity 12329K, committed 13312K, reserved 1048576K
}
Event: 15819.657 GC heap before
{Heap before GC invocations=44 (full 4):
 PSYoungGen      total 317440K, used 268478K [0x00000000e0000000, 0x00000000faa00000, 0x0000000100000000)
  eden space 245760K, 99% used [0x00000000e0000000,0x00000000eefb93b0,0x00000000ef000000)
  from space 71680K, 32% used [0x00000000ef000000,0x00000000f0676690,0x00000000f3600000)
  to   space 69632K, 0% used [0x00000000f6600000,0x00000000f6600000,0x00000000faa00000)
 ParOldGen       total 184320K, used 62768K [0x00000000a0000000, 0x00000000ab400000, 0x00000000e0000000)
  object space 184320K, 34% used [0x00000000a0000000,0x00000000a3d4c3d0,0x00000000ab400000)
 Metaspace       used 87583K, capacity 94315K, committed 98280K, reserved 1134592K
  class space    used 10892K, capacity 12334K, committed 13312K, reserved 1048576K
Event: 15819.671 GC heap after
Heap after GC invocations=44 (full 4):
 PSYoungGen      total 363520K, used 10802K [0x00000000e0000000, 0x00000000fa900000, 0x0000000100000000)
  eden space 294912K, 0% used [0x00000000e0000000,0x00000000e0000000,0x00000000f2000000)
  from space 68608K, 15% used [0x00000000f6600000,0x00000000f708cbf0,0x00000000fa900000)
  to   space 70144K, 0% used [0x00000000f2000000,0x00000000f2000000,0x00000000f6480000)
 ParOldGen       total 184320K, used 62776K [0x00000000a0000000, 0x00000000ab400000, 0x00000000e0000000)
  object space 184320K, 34% used [0x00000000a0000000,0x00000000a3d4e3d0,0x00000000ab400000)
 Metaspace       used 87583K, capacity 94315K, committed 98280K, reserved 1134592K
  class space    used 10892K, capacity 12334K, committed 13312K, reserved 1048576K
}
Event: 15825.034 GC heap before
{Heap before GC invocations=45 (full 4):
 PSYoungGen      total 363520K, used 305714K [0x00000000e0000000, 0x00000000fa900000, 0x0000000100000000)
  eden space 294912K, 100% used [0x00000000e0000000,0x00000000f2000000,0x00000000f2000000)
  from space 68608K, 15% used [0x00000000f6600000,0x00000000f708cbf0,0x00000000fa900000)
  to   space 70144K, 0% used [0x00000000f2000000,0x00000000f2000000,0x00000000f6480000)
 ParOldGen       total 184320K, used 62776K [0x00000000a0000000, 0x00000000ab400000, 0x00000000e0000000)
  object space 184320K, 34% used [0x00000000a0000000,0x00000000a3d4e3d0,0x00000000ab400000)
 Metaspace       used 88676K, capacity 95447K, committed 99048K, reserved 1134592K
  class space    used 10970K, capacity 12418K, committed 13312K, reserved 1048576K
Event: 15825.061 GC heap after
Heap after GC invocations=45 (full 4):
 PSYoungGen      total 365056K, used 19385K [0x00000000e0000000, 0x00000000fd480000, 0x0000000100000000)
  eden space 294912K, 0% used [0x00000000e0000000,0x00000000e0000000,0x00000000f2000000)
  from space 70144K, 27% used [0x00000000f2000000,0x00000000f32ee4b0,0x00000000f6480000)
  to   space 68096K, 0% used [0x00000000f9200000,0x00000000f9200000,0x00000000fd480000)
 ParOldGen       total 184320K, used 62784K [0x00000000a0000000, 0x00000000ab400000, 0x00000000e0000000)
  object space 184320K, 34% used [0x00000000a0000000,0x00000000a3d503d0,0x00000000ab400000)
 Metaspace       used 88676K, capacity 95447K, committed 99048K, reserved 1134592K
  class space    used 10970K, capacity 12418K, committed 13312K, reserved 1048576K
}
Event: 15825.834 GC heap before
{Heap before GC invocations=46 (full 4):
 PSYoungGen      total 365056K, used 314297K [0x00000000e0000000, 0x00000000fd480000, 0x0000000100000000)
  eden space 294912K, 100% used [0x00000000e0000000,0x00000000f2000000,0x00000000f2000000)
  from space 70144K, 27% used [0x00000000f2000000,0x00000000f32ee4b0,0x00000000f6480000)
  to   space 68096K, 0% used [0x00000000f9200000,0x00000000f9200000,0x00000000fd480000)
 ParOldGen       total 184320K, used 62784K [0x00000000a0000000, 0x00000000ab400000, 0x00000000e0000000)
  object space 184320K, 34% used [0x00000000a0000000,0x00000000a3d503d0,0x00000000ab400000)
 Metaspace       used 88738K, capacity 95541K, committed 99048K, reserved 1134592K
  class space    used 10976K, capacity 12425K, committed 13312K, reserved 1048576K
Event: 15825.873 GC heap after
Heap after GC invocations=46 (full 4):
 PSYoungGen      total 404480K, used 30014K [0x00000000e0000000, 0x00000000fcd80000, 0x0000000100000000)
  eden space 343552K, 0% used [0x00000000e0000000,0x00000000e0000000,0x00000000f4f80000)
  from space 60928K, 49% used [0x00000000f9200000,0x00000000faf4fba0,0x00000000fcd80000)
  to   space 64512K, 0% used [0x00000000f4f80000,0x00000000f4f80000,0x00000000f8e80000)
 ParOldGen       total 184320K, used 62792K [0x00000000a0000000, 0x00000000ab400000, 0x00000000e0000000)
  object space 184320K, 34% used [0x00000000a0000000,0x00000000a3d523d0,0x00000000ab400000)
 Metaspace       used 88738K, capacity 95541K, committed 99048K, reserved 1134592K
  class space    used 10976K, capacity 12425K, committed 13312K, reserved 1048576K
}

Deoptimization events (10 events):
Event: 15824.571 Thread 0x000000001d8fc000 Uncommon trap: reason=bimorphic action=maybe_recompile pc=0x0000000006562dc0 method=com.android.dx.ssa.SCCP.simulatePhi(Lcom/android/dx/ssa/PhiInsn;)V @ 124
Event: 15824.764 Thread 0x0000000018c4b000 Uncommon trap: reason=class_check action=maybe_recompile pc=0x000000000661376c method=com.android.dx.cf.attrib.AttConstantValue.<init>(Lcom/android/dx/rop/cst/TypedConstant;)V @ 21
Event: 15825.759 Thread 0x000000001d8fc000 Uncommon trap: reason=unstable_if action=reinterpret pc=0x000000000232d8f0 method=java.io.WinNTFileSystem.resolve(Ljava/lang/String;Ljava/lang/String;)Ljava/lang/String; @ 36
Event: 15825.798 Thread 0x0000000019168000 Uncommon trap: reason=class_check action=maybe_recompile pc=0x0000000002b1dcd8 method=java.lang.ThreadLocal.setInitialValue()Ljava/lang/Object; @ 31
Event: 15825.809 Thread 0x0000000018c4f800 Uncommon trap: reason=unstable_if action=reinterpret pc=0x000000000558a270 method=com.android.dx.merge.DexMerger.transformCode(Lcom/android/dex/Dex;Lcom/android/dex/Code;Lcom/android/dx/merge/IndexMap;)V @ 86
Event: 15825.941 Thread 0x0000000019165800 Uncommon trap: reason=class_check action=maybe_recompile pc=0x0000000002b1dcd8 method=java.lang.ThreadLocal.setInitialValue()Ljava/lang/Object; @ 31
Event: 15826.317 Thread 0x000000001d8fc000 Uncommon trap: reason=bimorphic action=maybe_recompile pc=0x0000000002fa9828 method=java.io.DataInputStream.readUnsignedShort()I @ 4
Event: 15826.317 Thread 0x000000001d8fc000 Uncommon trap: reason=bimorphic action=maybe_recompile pc=0x0000000002fa9828 method=java.io.DataInputStream.readUnsignedShort()I @ 4
Event: 15826.317 Thread 0x000000001d8fc000 Uncommon trap: reason=unstable_if action=reinterpret pc=0x0000000004c39770 method=sun.security.util.Cache$EqualByteArray.hashCode()I @ 6
Event: 15826.320 Thread 0x000000001d8fc000 Uncommon trap: reason=bimorphic action=maybe_recompile pc=0x00000000066c0fe0 method=java.lang.Iterable.forEach(Ljava/util/function/Consumer;)V @ 6

Classes redefined (0 events):
No events

Internal exceptions (10 events):
Event: 15824.846 Thread 0x0000000018c4b000 Exception <a 'sun/nio/fs/WindowsException'> (0x00000000f08b5b58) thrown at [D:\src\AOSP-openjdk-cygwin\jdk8u\hotspot\src\share\vm\prims\jni.cpp, line 709]
Event: 15824.846 Thread 0x0000000018c4b000 Exception <a 'sun/nio/fs/WindowsException'> (0x00000000f08b63b8) thrown at [D:\src\AOSP-openjdk-cygwin\jdk8u\hotspot\src\share\vm\prims\jni.cpp, line 709]
Event: 15824.846 Thread 0x0000000018c4b000 Exception <a 'sun/nio/fs/WindowsException'> (0x00000000f08b6810) thrown at [D:\src\AOSP-openjdk-cygwin\jdk8u\hotspot\src\share\vm\prims\jni.cpp, line 709]
Event: 15824.846 Thread 0x0000000018c4b000 Exception <a 'sun/nio/fs/WindowsException'> (0x00000000f08b7050) thrown at [D:\src\AOSP-openjdk-cygwin\jdk8u\hotspot\src\share\vm\prims\jni.cpp, line 709]
Event: 15824.846 Thread 0x0000000018c4a000 Exception <a 'sun/nio/fs/WindowsException'> (0x00000000f092d560) thrown at [D:\src\AOSP-openjdk-cygwin\jdk8u\hotspot\src\share\vm\prims\jni.cpp, line 709]
Event: 15824.854 Thread 0x0000000018c4a000 Exception <a 'sun/nio/fs/WindowsException'> (0x00000000f09420a0) thrown at [D:\src\AOSP-openjdk-cygwin\jdk8u\hotspot\src\share\vm\prims\jni.cpp, line 709]
Event: 15824.858 Thread 0x0000000018c4a000 Exception <a 'sun/nio/fs/WindowsException'> (0x00000000f0966180) thrown at [D:\src\AOSP-openjdk-cygwin\jdk8u\hotspot\src\share\vm\prims\jni.cpp, line 709]
Event: 15824.867 Thread 0x0000000018c4a000 Exception <a 'sun/nio/fs/WindowsException'> (0x00000000f097e948) thrown at [D:\src\AOSP-openjdk-cygwin\jdk8u\hotspot\src\share\vm\prims\jni.cpp, line 709]
Event: 15824.877 Thread 0x0000000018c4a000 Exception <a 'sun/nio/fs/WindowsException'> (0x00000000f0a90370) thrown at [D:\src\AOSP-openjdk-cygwin\jdk8u\hotspot\src\share\vm\prims\jni.cpp, line 709]
Event: 15824.883 Thread 0x0000000018c4a000 Exception <a 'sun/nio/fs/WindowsException'> (0x00000000f0aa3c50) thrown at [D:\src\AOSP-openjdk-cygwin\jdk8u\hotspot\src\share\vm\prims\jni.cpp, line 709]

Events (10 events):
Event: 15826.320 Thread 0x000000001d8fc000 Uncommon trap: trap_request=0xffffffc6 fr.pc=0x00000000066c0fe0
Event: 15826.320 Thread 0x000000001d8fc000 DEOPT PACKING pc=0x00000000066c0fe0 sp=0x000000002545cb80
Event: 15826.320 Thread 0x000000001d8fc000 DEOPT UNPACKING pc=0x00000000020d556a sp=0x000000002545cbd8 mode 2
Event: 15826.324 Thread 0x0000000018b3b000 Thread added: 0x0000000018b3b000
Event: 15826.325 Executing VM operation: RevokeBias
Event: 15826.325 Executing VM operation: RevokeBias done
Event: 15826.388 Executing VM operation: RevokeBias
Event: 15826.388 Executing VM operation: RevokeBias done
Event: 15826.423 Executing VM operation: RevokeBias
Event: 15826.423 Executing VM operation: RevokeBias done


Dynamic libraries:
0x00007ff6d74b0000 - 0x00007ff6d74e1000 	C:\Program Files\Android\Android Studio\jre\bin\java.exe
0x00007ffffe770000 - 0x00007ffffe91c000 	C:\Windows\SYSTEM32\ntdll.dll
0x00007ffffe3b0000 - 0x00007ffffe4ee000 	C:\Windows\system32\KERNEL32.DLL
0x00007ffffba90000 - 0x00007ffffbba5000 	C:\Windows\system32\KERNELBASE.dll
0x00007ffffdec0000 - 0x00007ffffdf6a000 	C:\Windows\system32\ADVAPI32.dll
0x00007ffffd4d0000 - 0x00007ffffd647000 	C:\Windows\system32\USER32.dll
0x00007ffffb360000 - 0x00007ffffb5db000 	C:\Windows\WinSxS\amd64_microsoft.windows.common-controls_6595b64144ccf1df_6.0.9600.17415_none_6240486fecbd8abb\COMCTL32.dll
0x00007ffffe290000 - 0x00007ffffe33a000 	C:\Windows\system32\msvcrt.dll
0x00007ffffdf70000 - 0x00007ffffdfc9000 	C:\Windows\SYSTEM32\sechost.dll
0x00007ffffe140000 - 0x00007ffffe281000 	C:\Windows\system32\RPCRT4.dll
0x00007ffffdfe0000 - 0x00007ffffe131000 	C:\Windows\system32\GDI32.dll
0x00007ffffd770000 - 0x00007ffffd7a6000 	C:\Windows\system32\IMM32.DLL
0x00007ffffdc90000 - 0x00007ffffdde3000 	C:\Windows\system32\MSCTF.dll
0x000000006bf90000 - 0x000000006c062000 	C:\Program Files\Android\Android Studio\jre\jre\bin\msvcr100.dll
0x000000006c150000 - 0x000000006c98e000 	C:\Program Files\Android\Android Studio\jre\jre\bin\server\jvm.dll
0x00007ffffb640000 - 0x00007ffffb649000 	C:\Windows\SYSTEM32\WSOCK32.dll
0x00007ffff0540000 - 0x00007ffff0562000 	C:\Windows\SYSTEM32\WINMM.dll
0x00007ffff45f0000 - 0x00007ffff45fa000 	C:\Windows\SYSTEM32\VERSION.dll
0x00007ffffdc80000 - 0x00007ffffdc87000 	C:\Windows\system32\PSAPI.DLL
0x00007ffffd650000 - 0x00007ffffd6aa000 	C:\Windows\system32\WS2_32.dll
0x00007ffff0510000 - 0x00007ffff053a000 	C:\Windows\SYSTEM32\WINMMBASE.dll
0x00007ffffe340000 - 0x00007ffffe349000 	C:\Windows\system32\NSI.dll
0x00007ffffba40000 - 0x00007ffffba8f000 	C:\Windows\SYSTEM32\cfgmgr32.dll
0x00007ffff9c20000 - 0x00007ffff9c48000 	C:\Windows\SYSTEM32\DEVOBJ.dll
0x00007ffffb630000 - 0x00007ffffb63f000 	C:\Program Files\Android\Android Studio\jre\jre\bin\verify.dll
0x00007ffffa5c0000 - 0x00007ffffa5e9000 	C:\Program Files\Android\Android Studio\jre\jre\bin\java.dll
0x00007ffffa580000 - 0x00007ffffa596000 	C:\Program Files\Android\Android Studio\jre\jre\bin\zip.dll
0x00007ffffbdf0000 - 0x00007ffffd309000 	C:\Windows\system32\SHELL32.dll
0x00007ffffda60000 - 0x00007ffffdc71000 	C:\Windows\SYSTEM32\combase.dll
0x00007ffffda00000 - 0x00007ffffda54000 	C:\Windows\system32\SHLWAPI.dll
0x00007ffffaed0000 - 0x00007ffffaf82000 	C:\Windows\SYSTEM32\SHCORE.dll
0x00007ffffb8c0000 - 0x00007ffffb8d5000 	C:\Windows\SYSTEM32\profapi.dll
0x00007ffff75b0000 - 0x00007ffff75ca000 	C:\Program Files\Android\Android Studio\jre\jre\bin\net.dll
0x00007ffffac70000 - 0x00007ffffacc9000 	C:\Windows\system32\mswsock.dll
0x00007ffff7590000 - 0x00007ffff75a1000 	C:\Program Files\Android\Android Studio\jre\jre\bin\nio.dll
0x00007ffff7ad0000 - 0x00007ffff7aee000 	C:\Users\Burhanuddin Rashid\.gradle\native\25\windows-amd64\native-platform.dll
0x00007ffff39e0000 - 0x00007ffff39ed000 	C:\Program Files\Android\Android Studio\jre\jre\bin\management.dll
0x00007ffffacd0000 - 0x00007ffffacf0000 	C:\Windows\SYSTEM32\CRYPTSP.dll
0x00007ffffa8f0000 - 0x00007ffffa926000 	C:\Windows\system32\rsaenh.dll
0x00007ffffb000000 - 0x00007ffffb026000 	C:\Windows\SYSTEM32\bcrypt.dll
0x00007ffffaa00000 - 0x00007ffffaa21000 	C:\Windows\SYSTEM32\USERENV.dll
0x00007ffffb720000 - 0x00007ffffb783000 	C:\Windows\system32\bcryptprimitives.dll
0x00007ffffb790000 - 0x00007ffffb79b000 	C:\Windows\SYSTEM32\CRYPTBASE.dll
0x00007ffffa070000 - 0x00007ffffa09a000 	C:\Windows\SYSTEM32\IPHLPAPI.DLL
0x00007ffffa520000 - 0x00007ffffa52a000 	C:\Windows\SYSTEM32\WINNSI.DLL
0x00007ffff7c50000 - 0x00007ffff7c66000 	C:\Windows\SYSTEM32\dhcpcsvc6.DLL
0x00007ffff7c30000 - 0x00007ffff7c4a000 	C:\Windows\SYSTEM32\dhcpcsvc.DLL
0x00007ffff99a0000 - 0x00007ffff9a2e000 	C:\Windows\system32\apphelp.dll
0x00007ffff5f40000 - 0x00007ffff5f72000 	C:\Windows\SYSTEM32\ntmarta.dll
0x00007ffff1dc0000 - 0x00007ffff1de4000 	C:\Program Files\Android\Android Studio\jre\jre\bin\sunec.dll
0x00007ffffaa70000 - 0x00007ffffab14000 	C:\Windows\SYSTEM32\DNSAPI.dll
0x000000006cf60000 - 0x000000006cf95000 	C:\Program Files\Bonjour\mdnsNSP.dll
0x00007ffff3ea0000 - 0x00007ffff3eaa000 	C:\Windows\System32\rasadhlp.dll
0x00007ffff6a50000 - 0x00007ffff6abb000 	C:\Windows\System32\fwpuclnt.dll
0x00007ffff2b00000 - 0x00007ffff2b0b000 	C:\Program Files\Android\Android Studio\jre\jre\bin\sunmscapi.dll
0x00007ffffbc10000 - 0x00007ffffbdef000 	C:\Windows\system32\CRYPT32.dll
0x00007ffffb970000 - 0x00007ffffb981000 	C:\Windows\system32\MSASN1.dll
0x00007fffe2530000 - 0x00007fffe26ba000 	C:\Windows\SYSTEM32\dbghelp.dll

VM Arguments:
jvm_args: -Xmx1536m -Dfile.encoding=windows-1252 -Duser.country=US -Duser.language=en -Duser.variant 
java_command: org.gradle.launcher.daemon.bootstrap.GradleDaemon 4.1
java_class_path (initial): C:\Users\Burhanuddin Rashid\.gradle\wrapper\dists\gradle-4.1-all\bzyivzo6n839fup2jbap0tjew\gradle-4.1\lib\gradle-launcher-4.1.jar
Launcher Type: SUN_STANDARD

Environment Variables:
PATH=C:\ProgramData\Oracle\Java\javapath;C:\Program Files\CollabNet\Subversion Client;C:\Windows\system32;C:\Windows;C:\Windows\System32\Wbem;C:\Windows\System32\WindowsPowerShell\v1.0\;C:\Program Files\Git\cmd;C:\Program Files\TortoiseGit\bin;C:\Program Files (x86)\Skype\Phone\;C:\Program Files\TortoiseSVN\bin;C:\Android\sdk\platform-tools;C:\Program Files (x86)\gnupg\bin
USERNAME=Burhanuddin Rashid
OS=Windows_NT
PROCESSOR_IDENTIFIER=Intel64 Family 6 Model 60 Stepping 3, GenuineIntel



---------------  S Y S T E M  ---------------

OS: Windows 8.1 , 64 bit Build 9600 (6.3.9600.17415)

CPU:total 4 (initial active 4) (2 cores per cpu, 2 threads per core) family 6 model 60 stepping 3, cmov, cx8, fxsr, mmx, sse, sse2, sse3, ssse3, sse4.1, sse4.2, popcnt, avx, avx2, aes, clmul, erms, lzcnt, ht, tsc, tscinvbit, bmi1, bmi2

Memory: 4k page, physical 8257560k(2661568k free), swap 16646168k(9697852k free)

vm_info: OpenJDK 64-Bit Server VM (25.152-b01) for windows-amd64 JRE (1.8.0_152-release-915-b01), built by "builder" with MS VC++ 10.0 (VS2010)

time: Thu Jan 11 15:13:57 2018
elapsed time: 15826 seconds (0d 4h 23m 46s)

